2023-10-21 08:55:20 Loading main app package /tmp/.mount_Obsidi2QhxLf/resources/obsidian.asar
2023-10-21 08:55:21 Checking for update using Github
2023-10-21 08:55:21 Success.
2023-10-21 08:55:21 Latest version is 1.4.16
2023-10-21 08:55:21 App is up to date.
2023-12-18 06:14:23 Loading main app package /opt/Obsidian/resources/obsidian.asar
2023-12-18 06:14:23 Checking for update using Github
2023-12-18 06:14:24 Success.
2023-12-18 06:14:24 Latest version is 1.4.16
2023-12-18 06:14:24 App is up to date.
2023-12-18 07:14:23 Checking for update using Github
2023-12-18 07:14:24 Success.
2023-12-18 07:14:24 Latest version is 1.4.16
2023-12-18 07:14:24 App is up to date.
2023-12-18 08:14:23 Checking for update using Github
2023-12-18 08:14:24 Success.
2023-12-18 08:14:24 Latest version is 1.4.16
2023-12-18 08:14:24 App is up to date.
2023-12-18 09:14:24 Checking for update using Github
2023-12-18 09:14:24 Success.
2023-12-18 09:14:24 Latest version is 1.4.16
2023-12-18 09:14:24 App is up to date.
2023-12-18 10:14:24 Checking for update using Github
2023-12-18 10:14:24 Success.
2023-12-18 10:14:24 Latest version is 1.4.16
2023-12-18 10:14:24 App is up to date.
2023-12-18 11:14:24 Checking for update using Github
2023-12-18 11:14:24 Success.
2023-12-18 11:14:24 Latest version is 1.4.16
2023-12-18 11:14:24 App is up to date.
2023-12-18 12:14:24 Checking for update using Github
2023-12-18 12:14:24 Success.
2023-12-18 12:14:24 Latest version is 1.4.16
2023-12-18 12:14:24 App is up to date.
2023-12-18 13:14:24 Checking for update using Github
2023-12-18 13:14:24 Success.
2023-12-18 13:14:24 Latest version is 1.4.16
2023-12-18 13:14:24 App is up to date.
2023-12-19 06:20:12 Checking for update using Github
2023-12-19 06:20:12 Success.
2023-12-19 06:20:12 Latest version is 1.4.16
2023-12-19 06:20:12 App is up to date.
2023-12-19 07:20:12 Checking for update using Github
2023-12-19 07:20:12 Success.
2023-12-19 07:20:12 Latest version is 1.4.16
2023-12-19 07:20:12 App is up to date.
2023-12-19 08:20:12 Checking for update using Github
2023-12-19 08:20:12 Success.
2023-12-19 08:20:12 Latest version is 1.4.16
2023-12-19 08:20:12 App is up to date.
2023-12-21 08:12:16 Loading main app package /opt/Obsidian/resources/obsidian.asar
2023-12-21 08:12:16 Checking for update using Github
2023-12-21 08:12:16 Success.
2023-12-21 08:12:16 Latest version is 1.4.16
2023-12-21 08:12:16 App is up to date.
2023-12-21 09:12:16 Checking for update using Github
2023-12-21 09:12:16 Success.
2023-12-21 09:12:16 Latest version is 1.4.16
2023-12-21 09:12:16 App is up to date.
2023-12-21 10:12:16 Checking for update using Github
2023-12-21 10:12:16 Success.
2023-12-21 10:12:16 Latest version is 1.4.16
2023-12-21 10:12:16 App is up to date.
2023-12-21 11:12:16 Checking for update using Github
2023-12-21 11:12:16 Success.
2023-12-21 11:12:16 Latest version is 1.4.16
2023-12-21 11:12:16 App is up to date.
2023-12-21 12:12:16 Checking for update using Github
2023-12-21 12:12:16 Success.
2023-12-21 12:12:16 Latest version is 1.4.16
2023-12-21 12:12:16 App is up to date.
2023-12-21 13:12:16 Checking for update using Github
2023-12-21 13:12:16 Success.
2023-12-21 13:12:16 Latest version is 1.4.16
2023-12-21 13:12:16 App is up to date.
2023-12-21 14:12:16 Checking for update using Github
2023-12-21 14:12:17 Success.
2023-12-21 14:12:17 Latest version is 1.4.16
2023-12-21 14:12:17 App is up to date.
2023-12-22 06:13:35 Checking for update using Github
2023-12-22 06:13:35 Success.
2023-12-22 06:13:35 Latest version is 1.4.16
2023-12-22 06:13:35 App is up to date.
2023-12-22 07:13:35 Checking for update using Github
2023-12-22 07:13:35 Success.
2023-12-22 07:13:35 Latest version is 1.4.16
2023-12-22 07:13:35 App is up to date.
2023-12-22 08:13:35 Checking for update using Github
2023-12-22 08:13:35 Success.
2023-12-22 08:13:35 Latest version is 1.4.16
2023-12-22 08:13:35 App is up to date.
2023-12-22 09:13:35 Checking for update using Github
2023-12-22 09:13:35 Success.
2023-12-22 09:13:35 Latest version is 1.4.16
2023-12-22 09:13:35 App is up to date.
2023-12-22 10:13:35 Checking for update using Github
2023-12-22 10:13:36 Success.
2023-12-22 10:13:36 Latest version is 1.4.16
2023-12-22 10:13:36 App is up to date.
2023-12-22 11:13:35 Checking for update using Github
2023-12-22 11:13:36 Success.
2023-12-22 11:13:36 Latest version is 1.4.16
2023-12-22 11:13:36 App is up to date.
2023-12-22 12:13:36 Checking for update using Github
2023-12-22 12:13:36 Success.
2023-12-22 12:13:36 Latest version is 1.4.16
2023-12-22 12:13:36 App is up to date.
2023-12-22 13:13:36 Checking for update using Github
2023-12-22 13:13:36 Success.
2023-12-22 13:13:36 Latest version is 1.4.16
2023-12-22 13:13:36 App is up to date.
2023-12-22 14:13:36 Checking for update using Github
2023-12-22 14:13:36 Success.
2023-12-22 14:13:36 Latest version is 1.4.16
2023-12-22 14:13:36 App is up to date.
2023-12-25 08:20:36 Loading main app package /opt/Obsidian/resources/obsidian.asar
2023-12-25 08:20:36 Checking for update using Github
2023-12-25 08:20:36 Success.
2023-12-25 08:20:36 Latest version is 1.4.16
2023-12-25 08:20:36 App is up to date.
2023-12-25 09:20:36 Checking for update using Github
2023-12-25 09:20:36 Success.
2023-12-25 09:20:36 Latest version is 1.4.16
2023-12-25 09:20:36 App is up to date.
2023-12-25 10:20:36 Checking for update using Github
2023-12-25 10:20:36 Success.
2023-12-25 10:20:36 Latest version is 1.4.16
2023-12-25 10:20:36 App is up to date.
2023-12-25 11:20:36 Checking for update using Github
2023-12-25 11:20:36 Success.
2023-12-25 11:20:36 Latest version is 1.4.16
2023-12-25 11:20:36 App is up to date.
2023-12-25 12:20:36 Checking for update using Github
2023-12-25 12:20:37 Success.
2023-12-25 12:20:37 Latest version is 1.4.16
2023-12-25 12:20:37 App is up to date.
2023-12-25 13:20:36 Checking for update using Github
2023-12-25 13:20:37 Success.
2023-12-25 13:20:37 Latest version is 1.4.16
2023-12-25 13:20:37 App is up to date.
2023-12-26 06:09:59 Checking for update using Github
2023-12-26 06:10:00 Success.
2023-12-26 06:10:00 Latest version is 1.5.3
2023-12-26 06:10:00 Downloading update from https://github.com/obsidianmd/obsidian-releases/releases/download/v1.5.3/obsidian-1.5.3.asar.gz
2023-12-26 06:10:02 Verifying hash & signature. Size= 8515395
2023-12-26 06:10:02 Saving file
2023-12-26 06:10:02 Update complete.
2023-12-26 07:10:00 Checking for update using Github
2023-12-26 07:10:00 Success.
2023-12-26 07:10:00 Latest version is 1.5.3
2023-12-26 07:10:00 An update is already downloaded.
2023-12-28 12:07:06 Loading updated app package /home/outp/.config/obsidian/obsidian-1.5.3.asar
2023-12-28 12:07:06 Checking for update using Github
2023-12-28 12:07:07 Success.
2023-12-28 12:07:07 Latest version is 1.5.3
2023-12-28 12:07:07 App is up to date.
